0 info it worked if it ends with ok
1 verbose cli [ '/usr/local/heroku/bin/node',
1 verbose cli   '/usr/local/bin/npm',
1 verbose cli   'install',
1 verbose cli   'dependencies/package.json' ]
2 info using npm@4.0.5
3 info using node@v7.10.0
4 silly loadCurrentTree Starting
5 silly install loadCurrentTree
6 silly install readLocalPackageData
7 silly fetchPackageMetaData dependencies/package.json
8 silly fetchOtherPackageData dependencies/package.json
9 silly cache add args [ 'dependencies/package.json', null ]
10 verbose cache add spec dependencies/package.json
11 silly cache add parsed spec Result {
11 silly cache add   raw: 'dependencies/package.json',
11 silly cache add   scope: null,
11 silly cache add   escapedName: null,
11 silly cache add   name: null,
11 silly cache add   rawSpec: 'dependencies/package.json',
11 silly cache add   spec: '/home/tom/beeftracker/news_scraping_project/beeftracker_scraping/dependencies/package.json',
11 silly cache add   type: 'local',
11 silly cache add   hosted:
11 silly cache add    { type: 'github',
11 silly cache add      ssh: 'git@github.com:dependencies/package.json.git',
11 silly cache add      sshUrl: 'git+ssh://git@github.com/dependencies/package.json.git',
11 silly cache add      httpsUrl: 'git+https://github.com/dependencies/package.json.git',
11 silly cache add      gitUrl: 'git://github.com/dependencies/package.json.git',
11 silly cache add      shortcut: 'github:dependencies/package.json',
11 silly cache add      directUrl: 'https://raw.githubusercontent.com/dependencies/package.json/master/package.json' } }
12 silly addLocalTarball shasum (computed) 478d86e954ade8cf2c2c7118fd9c87085d155f34
13 verbose addTmpTarball /home/tom/beeftracker/news_scraping_project/beeftracker_scraping/dependencies/package.json not in flight; adding
14 verbose correctMkdir /home/tom/.npm correctMkdir not in flight; initializing
15 verbose addTmpTarball validating metadata from /home/tom/beeftracker/news_scraping_project/beeftracker_scraping/dependencies/package.json
16 verbose tar unpack /home/tom/beeftracker/news_scraping_project/beeftracker_scraping/dependencies/package.json
17 verbose tar unpacking to /tmp/npm-20903-b2060d3d/unpack-79648bac
18 silly gentlyRm /tmp/npm-20903-b2060d3d/unpack-79648bac is being purged
19 verbose gentlyRm don't care about contents; nuking /tmp/npm-20903-b2060d3d/unpack-79648bac
20 silly gunzTarPerm modes [ '775', '664' ]
21 error not a package /home/tom/beeftracker/news_scraping_project/beeftracker_scraping/dependencies/package.json
22 error addLocal Could not install /home/tom/beeftracker/news_scraping_project/beeftracker_scraping/dependencies/package.json
23 silly fetchPackageMetaData Error: ENOENT: no such file or directory, open '/tmp/npm-20903-b2060d3d/unpack-79648bac/package.json'
23 silly fetchPackageMetaData  error for dependencies/package.json { Error: ENOENT: no such file or directory, open '/tmp/npm-20903-b2060d3d/unpack-79648bac/package.json'
23 silly fetchPackageMetaData   errno: -2,
23 silly fetchPackageMetaData   code: 'ENOENT',
23 silly fetchPackageMetaData   syscall: 'open',
23 silly fetchPackageMetaData   path: '/tmp/npm-20903-b2060d3d/unpack-79648bac/package.json' }
24 silly rollbackFailedOptional Starting
25 silly rollbackFailedOptional Finishing
26 silly runTopLevelLifecycles Finishing
27 silly install printInstalled
28 verbose stack Error: ENOENT: no such file or directory, open '/tmp/npm-20903-b2060d3d/unpack-79648bac/package.json'
29 verbose cwd /home/tom/beeftracker/news_scraping_project/beeftracker_scraping
30 error Linux 4.4.0-96-generic
31 error argv "/usr/local/heroku/bin/node" "/usr/local/bin/npm" "install" "dependencies/package.json"
32 error node v7.10.0
33 error npm  v4.0.5
34 error path /tmp/npm-20903-b2060d3d/unpack-79648bac/package.json
35 error code ENOENT
36 error errno -2
37 error syscall open
38 error enoent ENOENT: no such file or directory, open '/tmp/npm-20903-b2060d3d/unpack-79648bac/package.json'
39 error enoent ENOENT: no such file or directory, open '/tmp/npm-20903-b2060d3d/unpack-79648bac/package.json'
39 error enoent This is most likely not a problem with npm itself
39 error enoent and is related to npm not being able to find a file.
40 verbose exit [ -2, true ]
